<?xml version="1.0" encoding="UTF-8"?>
<testsuite name="com.IntegrativeProject.ActionFactory.DeviceServiceTest" tests="11" skipped="0" failures="0" errors="0" timestamp="2024-07-29T15:59:30" hostname="DESKTOP-11GK06T" time="2.256">
  <properties/>
  <testcase name="testFindAll()" classname="com.IntegrativeProject.ActionFactory.DeviceServiceTest" time="1.943"/>
  <testcase name="testUploadDevicesEmptyFile()" classname="com.IntegrativeProject.ActionFactory.DeviceServiceTest" time="0.026"/>
  <testcase name="testGetDeviceByImeiNotFound()" classname="com.IntegrativeProject.ActionFactory.DeviceServiceTest" time="0.027"/>
  <testcase name="testUploadDevicesInvalidFormat()" classname="com.IntegrativeProject.ActionFactory.DeviceServiceTest" time="0.072"/>
  <testcase name="testDeleteDeviceByImei()" classname="com.IntegrativeProject.ActionFactory.DeviceServiceTest" time="0.032"/>
  <testcase name="testGetDeviceByImei()" classname="com.IntegrativeProject.ActionFactory.DeviceServiceTest" time="0.014"/>
  <testcase name="testGetDevicesBySupplierNotFound()" classname="com.IntegrativeProject.ActionFactory.DeviceServiceTest" time="0.019"/>
  <testcase name="testDeleteDeviceByImeiNotFound()" classname="com.IntegrativeProject.ActionFactory.DeviceServiceTest" time="0.02"/>
  <testcase name="testProcessAndSaveDevices()" classname="com.IntegrativeProject.ActionFactory.DeviceServiceTest" time="0.04"/>
  <testcase name="testGetDevicesBySupplier()" classname="com.IntegrativeProject.ActionFactory.DeviceServiceTest" time="0.013"/>
  <testcase name="testValidateDevices()" classname="com.IntegrativeProject.ActionFactory.DeviceServiceTest" time="0.022"/>
  <system-out><![CDATA[10:59:32.578 [Test worker] INFO com.IntegrativeProject.ActionFactory.service.DeviceService -- Device with IMEI 123456789012345 will enter verification process.
10:59:32.588 [Test worker] INFO com.IntegrativeProject.ActionFactory.service.DeviceService -- Device with IMEI 123456789098765 will enter verification process.
10:59:32.589 [Test worker] INFO com.IntegrativeProject.ActionFactory.service.DeviceService -- Device with IMEI 987654321098765 will enter verification process.
10:59:32.590 [Test worker] WARN com.IntegrativeProject.ActionFactory.service.DeviceService -- Employee with ID null has null status
10:59:32.592 [Test worker] WARN com.IntegrativeProject.ActionFactory.service.DeviceService -- Employee with ID null has null status
10:59:32.593 [Test worker] WARN com.IntegrativeProject.ActionFactory.service.DeviceService -- Employee with ID null has null status
10:59:32.634 [Test worker] INFO com.IntegrativeProject.ActionFactory.service.DeviceService -- The device with IMEI: 123456789012345 has been successfully validated
10:59:32.636 [Test worker] WARN com.IntegrativeProject.ActionFactory.service.DeviceService -- The device with IMEI: 123456789098765 has a score less than or equal to 60
10:59:32.637 [Test worker] WARN com.IntegrativeProject.ActionFactory.service.DeviceService -- The device with IMEI: 12345654321 has an IMEI palindrome
]]></system-out>
  <system-err><![CDATA[]]></system-err>
</testsuite>
