<?xml version="1.0" encoding="UTF-8"?>
<testsuite name="com.IntegrativeProject.ActionFactory.DeviceServiceTest" tests="11" skipped="0" failures="0" errors="0" timestamp="2024-07-30T11:49:14" hostname="DESKTOP-11GK06T" time="2.625">
  <properties/>
  <testcase name="testFindAll()" classname="com.IntegrativeProject.ActionFactory.DeviceServiceTest" time="2.08"/>
  <testcase name="testUploadDevicesEmptyFile()" classname="com.IntegrativeProject.ActionFactory.DeviceServiceTest" time="0.04"/>
  <testcase name="testGetDeviceByImeiNotFound()" classname="com.IntegrativeProject.ActionFactory.DeviceServiceTest" time="0.124"/>
  <testcase name="testUploadDevicesInvalidFormat()" classname="com.IntegrativeProject.ActionFactory.DeviceServiceTest" time="0.164"/>
  <testcase name="testDeleteDeviceByImei()" classname="com.IntegrativeProject.ActionFactory.DeviceServiceTest" time="0.04"/>
  <testcase name="testGetDeviceByImei()" classname="com.IntegrativeProject.ActionFactory.DeviceServiceTest" time="0.013"/>
  <testcase name="testGetDevicesBySupplierNotFound()" classname="com.IntegrativeProject.ActionFactory.DeviceServiceTest" time="0.018"/>
  <testcase name="testDeleteDeviceByImeiNotFound()" classname="com.IntegrativeProject.ActionFactory.DeviceServiceTest" time="0.016"/>
  <testcase name="testProcessAndSaveDevices()" classname="com.IntegrativeProject.ActionFactory.DeviceServiceTest" time="0.04"/>
  <testcase name="testGetDevicesBySupplier()" classname="com.IntegrativeProject.ActionFactory.DeviceServiceTest" time="0.012"/>
  <testcase name="testValidateDevices()" classname="com.IntegrativeProject.ActionFactory.DeviceServiceTest" time="0.045"/>
  <system-out><![CDATA[06:49:16.825 [Test worker] INFO com.IntegrativeProject.ActionFactory.service.DeviceService -- Device with IMEI 123456789012345 will enter verification process.
06:49:16.836 [Test worker] INFO com.IntegrativeProject.ActionFactory.service.DeviceService -- Device with IMEI 123456789098765 will enter verification process.
06:49:16.836 [Test worker] INFO com.IntegrativeProject.ActionFactory.service.DeviceService -- Device with IMEI 987654321098765 will enter verification process.
06:49:16.836 [Test worker] WARN com.IntegrativeProject.ActionFactory.service.DeviceService -- Employee with ID null has null status
06:49:16.836 [Test worker] WARN com.IntegrativeProject.ActionFactory.service.DeviceService -- Employee with ID null has null status
06:49:16.836 [Test worker] WARN com.IntegrativeProject.ActionFactory.service.DeviceService -- Employee with ID null has null status
06:49:16.876 [Test worker] INFO com.IntegrativeProject.ActionFactory.service.DeviceService -- The device with IMEI: 123456789012345 has been successfully validated
06:49:16.894 [Test worker] WARN com.IntegrativeProject.ActionFactory.service.DeviceService -- The device with IMEI: 123456789098765 has a score less than or equal to 60
06:49:16.896 [Test worker] WARN com.IntegrativeProject.ActionFactory.service.DeviceService -- The device with IMEI: 12345654321 has an IMEI palindrome
]]></system-out>
  <system-err><![CDATA[]]></system-err>
</testsuite>
