<?xml version="1.0" encoding="UTF-8"?>
<testsuite name="com.IntegrativeProject.ActionFactory.DeviceServiceTest" tests="2" skipped="0" failures="0" errors="0" timestamp="2024-07-25T15:31:44" hostname="GUEVARA" time="0.896">
  <properties/>
  <testcase name="noFieldSelected()" classname="com.IntegrativeProject.ActionFactory.DeviceServiceTest" time="0.881"/>
  <testcase name="fieldnoCvs()" classname="com.IntegrativeProject.ActionFactory.DeviceServiceTest" time="0.012"/>
  <system-out><![CDATA[]]></system-out>
  <system-err><![CDATA[]]></system-err>
</testsuite>
